\BOOKMARK [1][-]{section.1}{Introduction}{}% 1
\BOOKMARK [2][-]{subsection.1.1}{Project Specification}{section.1}% 2
\BOOKMARK [1][-]{section.2}{FSMd implementation}{}% 3
\BOOKMARK [2][-]{subsection.2.1}{Analysis and Design}{section.2}% 4
\BOOKMARK [3][-]{subsubsection.2.1.1}{Display Driver}{subsection.2.1}% 5
\BOOKMARK [3][-]{subsubsection.2.1.2}{Vending Machine CPU}{subsection.2.1}% 6
\BOOKMARK [2][-]{subsection.2.2}{Implementation}{section.2}% 7
\BOOKMARK [3][-]{subsubsection.2.2.1}{Display Driver}{subsection.2.2}% 8
\BOOKMARK [3][-]{subsubsection.2.2.2}{Vending Machine CPU}{subsection.2.2}% 9
\BOOKMARK [3][-]{subsubsection.2.2.3}{Resource Consumption}{subsection.2.2}% 10
\BOOKMARK [2][-]{subsection.2.3}{Test}{section.2}% 11
\BOOKMARK [1][-]{section.3}{Microcontroller Implementation}{}% 12
\BOOKMARK [2][-]{subsection.3.1}{Analysis and Design}{section.3}% 13
\BOOKMARK [3][-]{subsubsection.3.1.1}{Opcodes}{subsection.3.1}% 14
\BOOKMARK [3][-]{subsubsection.3.1.2}{Architecture}{subsection.3.1}% 15
\BOOKMARK [2][-]{subsection.3.2}{Implementation}{section.3}% 16
\BOOKMARK [2][-]{subsection.3.3}{Assembly code and assembler}{section.3}% 17
\BOOKMARK [2][-]{subsection.3.4}{Test}{section.3}% 18
\BOOKMARK [1][-]{section.4}{Coding the microcontroller}{}% 19
\BOOKMARK [2][-]{subsection.4.1}{Analysis and design}{section.4}% 20
\BOOKMARK [2][-]{subsection.4.2}{Implimentation}{section.4}% 21
\BOOKMARK [2][-]{subsection.4.3}{Result}{section.4}% 22
\BOOKMARK [1][-]{section.5}{Appendix A - Controller/Datapath VHDL}{}% 23
\BOOKMARK [2][-]{subsection.5.1}{Top level module}{section.5}% 24
\BOOKMARK [2][-]{subsection.5.2}{Display Driver Code}{section.5}% 25
\BOOKMARK [2][-]{subsection.5.3}{FSMd CPU code}{section.5}% 26
\BOOKMARK [1][-]{section.6}{Appendix B - Microcontroller VHDL}{}% 27
\BOOKMARK [2][-]{subsection.6.1}{Top level module}{section.6}% 28
\BOOKMARK [2][-]{subsection.6.2}{Input synchronizer}{section.6}% 29
\BOOKMARK [2][-]{subsection.6.3}{Operations}{section.6}% 30
\BOOKMARK [2][-]{subsection.6.4}{RAM}{section.6}% 31
\BOOKMARK [2][-]{subsection.6.5}{Reg}{section.6}% 32
\BOOKMARK [2][-]{subsection.6.6}{ROM}{section.6}% 33
\BOOKMARK [2][-]{subsection.6.7}{Vending machine code}{section.6}% 34
